<?xml version="1.0" encoding="UTF-8"?>
<testng-results ignored="0" total="1" passed="1" failed="0" skipped="0">
  <reporter-output>
  </reporter-output>
  <suite started-at="2026-08-27T18:31:16 EDT" name="Default suite" finished-at="2026-08-27T18:31:24 EDT" duration-ms="8128">
    <groups>
    </groups>
    <test started-at="2026-08-27T18:31:16 EDT" name="Default test" finished-at="2026-08-27T18:31:24 EDT" duration-ms="8128">
      <class name="Tutorialsninja.TC_RF_001">
        <test-method signature="verifyRegisterWithMandatoryFields()[pri:0, instance:Tutorialsninja.TC_RF_001@7b36aa0c]" started-at="2026-08-27T18:31:16 EDT" name="verifyRegisterWithMandatoryFields" finished-at="2026-08-27T18:31:24 EDT" duration-ms="8084" status="PASS">
          <reporter-output>
          </reporter-output>
        </test-method> <!-- verifyRegisterWithMandatoryFields -->
      </class> <!-- Tutorialsninja.TC_RF_001 -->
    </test> <!-- Default test -->
  </suite> <!-- Default suite -->
</testng-results>
